00 00 00 00 00 00 00 00 00 00 00 00 00 00 00 00 
00 00 6D C5 02 04 D8 30 C0 80 00 5F D6 FD FF 5C 
AD FD FF 4B 1D 01 01 DB AA DD 20 C0 BC CA 06 00 
F5 3D C1 FA 5B C9 3B 08 58 93 46 C9 00 03 00 00 
00 98 15 4A 0C 98 4C BD CC 7B 01 01 03 0C 98 8A 
1A 35 05 00 00 00 03 00 00 00 05 00 00 00 FF FF 
FF FF 6D CD 83 08 D8 60 C0 00 00 E3 1D 12 28 68 
21 20 8D 80 01 01 93 0C 58 13 23 C5 80 03 00 00 
00 C2 E1 1A 0C 98 35 8E FF 16 DD 22 08 18 AF F4 
20 C0 9B 35 0C 00 03 00 00 00 3D 35 01 01 FB 36 
D1 20 C0 D0 53 9E BD FF 47 4E 00 00 61 01 04 01 
EB 74 5C 20 C0 80 00 28 01 B5 AA 88 0C 30 40 80 
00 00 03 04 0D 03 0C 18 60 C0 00 00 00 00 00 00 
00 00 00 6D 59 82 08 D8 60 C0 00 00 E3 1D 12 28 
F8 13 19 83 08 58 95 40 C0 00 6D 85 E3 08 D8 60 
C0 00 00 96 FE FD FF 97 01 03 0C 58 76 FF FF FA 
FF FF FF 02 01 03 0C 98 67 C0 00 00 6D 89 83 08 
D8 60 C0 00 00 2F F9 FD FF 20 09 02 0C 98 A8 20 
C0 80 6D 8D A2 0C D8 60 C0 00 00 BC 85 92 D9 F2 
2B E4 1F AB 41 AA 02 3D 43 EB DC 41 9B 24 24 00 
02 00 00 00 00 00 00 00 00 00 00 00 00 00 00 00 
00 00 00 00 00 00 00 00 00 00 00 00 00 00 00 00 
00 00 00 00 6D C5 02 04 D8 30 C0 80 00 33 D1 FF 
FF 80 B9 FF FF F9 E8 00 00 E8 C5 07 01 3B C0 06 
00 10 15 82 FA 1E 73 1D 02 AC 93 46 C9 00 03 00 
00 00 F2 91 0A 00 4B F3 CC 7B 01 01 03 0C 18 4E 
7C 0D 8D 05 00 00 00 FE FF FF FF FC FF FF FF 00 
00 00 00 6D CD 83 08 D8 60 C0 80 00 E3 1D 12 28 
68 21 30 84 80 01 01 93 0C 58 13 23 E7 80 03 00 
00 00 FF 34 0D 03 8C DB B4 FF E1 3E 11 02 EE 49 
D7 20 C0 9B 35 0C 00 03 00 00 00 37 35 01 00 84 
24 07 01 0B 6D 4D B7 EF 47 4E 00 00 62 01 04 01 
0B C8 28 30 6C C0 00 28 01 B5 AA 88 0C 30 40 80 
00 00 03 04 03 00 00 00 00 00 00 00 00 00 00 00 
00 00 6D 16 10 00 03 00 00 00 E3 1D 12 28 68 21 
30 84 80 B7 02 00 00 6D 85 E3 08 D8 60 C0 00 00 
6B FD FF FF 2D 00 00 00 B0 FD FF FF 11 00 00 00 
05 00 00 00 41 00 00 00 6D 89 83 08 D8 60 C0 00 
00 2F F9 FD FF 20 02 00 00 86 1D 02 0C 58 D3 44 
C5 00 03 00 00 00 8C 89 92 D9 22 85 ED FC E3 79 
AB 02 5D AB 1D 0B B5 22 46 19 30 40 80 00 00 00 
00 00 00 00 00 00 00 00 00 00 00 00 00 00 00 00 
00 00 00 00 00 00 00 00 00 00 00 00 00 00 00 6D 
C5 02 04 D8 30 C0 80 00 A3 24 00 00 4D A3 FF FF 
9F E8 00 00 37 81 42 08 D8 59 96 30 C0 C1 61 70 
FD 15 D1 3B 08 58 93 46 C9 00 03 00 00 00 F2 91 
0A 00 4B F3 CC 7B 01 01 03 0C 18 4E 7C 0D 8D 05 
00 00 00 FE FD FF FF FC FF FF FF 00 00 00 00 6D 
CD 83 08 D8 60 C0 00 00 E3 1D 12 28 68 21 30 84 
80 01 01 93 0C 58 13 23 C5 80 03 00 00 00 27 29 
0D 03 4C 09 F4 FF A7 19 22 08 18 A0 FE 20 C0 9B 
35 0C 00 03 00 00 00 3F 8D 01 01 93 89 D9 20 C0 
D0 53 B3 15 FF 47 4E 00 00 63 C0 04 01 53 04 18 
30 C0 80 00 28 01 B5 AA 88 0C 30 40 80 00 00 03 
04 0D 03 0C 18 60 C0 00 00 00 00 00 00 00 00 00 
6D 59 82 08 D8 60 C0 00 00 E3 1D 12 28 68 21 30 
84 80 C1 09 02 0C 58 53 64 87 00 03 00 00 00 D9 
11 02 0C 18 ED FF FF 12 01 01 03 2C 10 60 C0 00 
FB FD FF FF 43 01 03 0C 58 93 64 84 00 03 00 00 
00 30 FE FD FF 1F 09 02 0C 98 A8 20 C0 80 6D 8D 
A2 0C D8 60 C0 00 00 09 E6 FF 92 D9 F2 24 EF 17 
28 14 F5 02 C5 31 86 6E 50 13 32 32 E0 01 00 00 
00 00 00 00 00 00 00 00 00 00 00 00 00 00 00 00 
00 00 00 00 00 00 00 00 00 00 00 00 00 00 00 00 
00 6D C5 02 04 D8 30 C0 80 00 5F 43 09 02 8C 17 
E9 FF 1D 73 05 02 4C 6A AE 20 C0 6B A6 06 00 18 
68 C1 FA 59 74 07 01 6B 92 44 19 B0 60 80 00 00 
F2 91 0A 00 4B F3 CC 7B 01 01 03 0C 18 4E 7C 0D 
8D 05 00 00 00 FE FD FF FF FC FF FF FF 00 00 00 
00 6D CD 83 08 D8 60 C0 00 00 E3 1D 12 28 68 21 
30 84 80 01 01 93 0C 58 13 23 C5 80 03 00 00 00 
46 65 1A 0C D8 48 E8 FF 6A 4E 04 01 53 77 10 10 
60 9B 35 0C 00 03 00 00 00 3E 35 01 01 5B 22 76 
10 B0 D0 6A C1 F4 47 4E 00 00 64 01 04 01 83 A8 
18 60 C0 00 00 28 01 B5 AA 88 0C 30 40 80 00 00 
03 04 0D 03 0C 18 60 C0 00 00 00 00 00 00 00 00 
00 6D 59 82 08 D8 60 C0 00 00 E3 1D 12 28 68 21 
30 84 80 CB 09 02 0C 58 53 64 87 00 03 00 00 00 
92 01 03 0C 58 03 0C 18 60 41 80 00 00 E7 FF FF 
FF F5 FF FF FF 54 01 03 0C 58 93 64 84 00 03 00 
00 00 30 FE FD FF 20 09 02 0C 98 A8 20 C0 80 6D 
8D A2 0C D8 60 C0 00 00 8F 95 49 65 3A AB 18 7E 
FF 76 4D F5 02 4D 41 84 6E 50 13 32 C9 80 02 01 
03 0C 18 60 C0 00 00 00 00 00 00 00 00 00 00 00 
00 00 00 00 00 00 00 00 00 00 00 00 00 00 00 00 
00 00 00 6D C5 02 04 D8 30 C0 80 00 77 97 01 03 
4C 9D 58 FF 83 31 0B 08 D8 B1 DF 20 C0 EA 8A 19 
03 0C 55 15 4E 8E 73 1D 02 AC 93 46 C9 00 03 00 
00 00 F2 91 0A 00 4B F3 CC 7B 01 01 03 0C 18 4E 
7C 0D 8D 05 00 00 00 FE FD FF FF FC FF FF FF 00 
00 00 00 6D CD 83 08 D8 60 C0 00 00 E3 1D 12 28 
68 21 30 84 80 01 01 93 0C 58 13 23 C5 80 03 00 
00 00 46 65 1A 0C D8 48 E8 FF 6A 4E 04 00 9C 33 
08 01 6B AA C6 18 B0 60 80 00 00 3B 35 01 00 20 
91 3B 08 58 68 6A DF BA 47 4E 00 00 65 C0 04 01 
03 0C 18 60 C0 00 00 28 01 B5 AA 88 0C 30 40 80 
00 00 03 04 0D 03 0C 18 60 C0 00 00 00 00 00 00 
00 00 00 6D 59 82 08 D8 60 C0 00 00 E3 1D 12 28 
68 21 30 86 80 D5 09 02 0C 58 53 64 87 00 03 00 
00 00 FE FD FF FF B5 FD FF FF 4F 01 03 0C 98 30 
C0 80 00 07 01 03 0C 18 32 C0 80 00 6D 89 83 08 
D8 60 C0 00 00 30 FE FD FF 20 09 02 0C 98 A8 20 
C0 80 6D 8D A2 0C D8 60 C0 00 00 0F E3 49 D9 E2 
3B 0C FC 21 34 D5 02 E1 8B 84 DC 50 13 32 C9 80 
02 01 03 0C 18 60 C0 00 00 00 00 00 00 00 00 00 
00 00 00 00 00 00 00 00 00 00 00 00 00 00 00 00 
00 00 00 00 00 6D C5 02 04 D8 30 C0 80 00 EB 5D 
00 00 C4 D1 FB FF 24 27 01 01 4B D9 07 01 EB 9B 
CB 18 60 5C 5E DB C3 73 1D FE 00 6D C9 22 06 D8 
30 C0 80 00 F2 91 0A 00 4B F3 CC 7B 01 01 03 0C 
18 4E 7C 0D 8D 05 00 00 00 FE FD FF FF FC FF FF 
FF 00 00 00 00 6D CD 83 08 D8 60 C0 00 00 E3 1D 
12 28 68 21 30 84 80 01 01 93 0C 58 13 23 C5 80 
03 00 00 00 2C F1 1B 0C 18 69 43 FF D1 42 04 01 
5B 68 D7 20 C0 9B 35 0C 00 03 00 00 00 3F 8D 01 
01 93 89 D9 20 C0 D0 53 AA 7A FF 47 4E 00 00 66 
C0 04 01 03 0C 18 60 C0 00 00 28 01 B5 AA 88 0C 
30 40 80 00 00 03 04 0D 03 0C 18 60 C0 00 00 00 
00 00 00 00 00 00 6D 59 82 08 D8 60 C0 00 00 E3 
1D 12 28 68 21 30 84 80 DF 09 02 0C 58 53 64 87 
00 03 00 00 00 2C F9 FD FF 57 FD FF FF E7 FF FF 
FF 02 01 03 0C 18 31 C0 80 00 6D 01 03 0C 58 93 
64 84 00 03 00 00 00 30 FE FD FF 1F 09 02 0C 98 
A8 20 C0 80 6D 8D A2 0C D8 60 C0 00 00 C7 81 49 
65 FA 55 ED 17 87 E3 D1 09 24 72 86 DC 50 13 32 
C9 80 02 01 03 0C 18 60 C0 00 00 00 00 00 00 00 
00 00 00 00 00 00 00 00 00 00 00 00 00 00 00 00 
00 00 00 00 00 00 00 6D C5 02 04 D8 30 C0 80 00 
B6 A7 FD FF D3 3D FA FF 8B FE 01 03 8C 5D AE 20 
E0 3E 81 20 C0 B3 0E 71 FF 63 72 07 01 6B 92 44 
06 D8 30 C0 80 00 F2 91 0A 00 4B F3 CC 7B 01 01 
03 0C 18 4E 7C 0D 8D 05 00 00 00 FE FD FF FF FC 
FF FF FF 00 00 00 00 6D CD 83 08 D8 60 C0 00 00 
E3 07 09 CA 68 C8 30 42 80 01 01 93 0C 58 13 23 
C5 80 03 00 00 00 7F 5D 1A 0C 98 A7 8A FF 32 DD 
22 08 18 A0 FE 20 C0 9B 35 0C 00 03 00 00 00 3D 
35 01 01 7B 8F D9 20 C0 D0 53 13 E1 FF 47 4E 00 
00 67 01 04 01 03 0C 18 60 C0 00 00 28 01 B5 AA 
88 0C 30 40 80 00 00 03 04 03 00 00 00 00 00 00 
00 00 00 00 00 00 00 6D 59 82 08 D8 60 C0 00 00 
E3 1D 12 28 68 21 30 84 80 E9 09 02 0C 58 53 64 
87 00 03 00 00 00 A3 FE FD FF 8C FD FF FF 0D 01 
03 0C 58 5E FF FF FB FD FF FF 3E 01 03 0C 58 93 
64 84 00 03 00 00 00 2F F9 FD FF 1F 09 02 0C 98 
A8 20 C0 80 6D 8D A2 0C D8 60 C0 00 00 C8 75 92 
D9 62 0C CB 1F 0A AC F4 09 F2 EF 84 DC 50 13 32 
C9 80 02 01 03 0C 18 60 C0 00 00 00 00 00 00 00 
00 00 00 00 00 00 00 00 00 00 00 00 00 00 00 00 
00 00 00 00 00 00 00 6D C5 02 04 D8 30 C0 80 00 
61 59 FD FF D0 91 FA FF D3 35 0A 08 98 1C 74 20 
C0 61 A4 19 03 CC A9 35 4E 3C 73 1D 02 FC 6D C9 
22 06 D8 30 C0 80 00 F2 E4 0A 00 4B F3 CC 7B 01 
01 03 0C 18 4E 7C 0D 8D 05 00 00 00 FE FD FF FF 
FC FF FF FF 00 00 00 00 6D CD 83 08 D8 60 C0 00 
00 E3 1D 12 28 68 21 30 84 80 01 01 93 0C 58 13 
23 C5 80 03 00 00 00 8C 7D 1B 0C D8 42 90 FF FF 
69 2F 11 02 0C 96 40 82 00 6D D5 63 0C D8 60 C0 
00 00 39 8D 01 00 07 24 07 01 0B 6D 0D 27 D6 47 
4E 00 00 68 C0 04 01 03 8C 10 30 C0 80 00 28 01 
6D 15 51 03 4C 50 20 C0 80 03 04 0D 03 06 18 30 
C0 80 00 00 00 00 00 00 00 00 6D 59 82 08 D8 30 
C0 80 00 E3 1D 12 94 68 21 30 84 80 F3 02 01 03 
AC 53 36 87 80 03 00 00 00 3D 09 02 0C 58 FF FF 
FF D1 00 00 00 15 01 03 0C 58 FD FF FF 3D 01 03 
06 58 93 64 84 80 03 00 00 00 30 FE FF FF 1F 09 
02 0C D8 B8 20 C0 80 6D 23 14 00 03 00 00 00 97 
6D 92 D9 9A 72 F5 17 C2 0D F4 02 E1 1B 0A DC C1 
9B 92 24 00 02 01 03 06 18 30 C0 80 00 00 00 00 
00 00 00 00 00 00 00 00 00 00 00 00 00 00 00 00 
00 00 00 00 00 00 00 00 00 6D 31 20 01 1B 0C 18 
30 C0 29 3E FF 01 00 3C 8F FD FF 33 5A 01 01 BB 
E7 19 10 B0 8C D6 06 00 C2 50 70 FF 61 ED 3A 04 
58 93 46 C9 80 03 00 00 00 F2 91 0A 00 4B F3 CC 
7B 01 01 03 06 18 27 7C 0D 8D 05 00 00 00 FE FF 
FF FF FC FF FF FF 00 00 00 00 6D 33 10 01 1B 06 
18 30 C0 5C 20 40 86 13 06 10 01 0B 04 98 31 C0 
9B 1A 14 00 03 00 00 00 A0 48 03 00 88 56 FF FF 
54 2F 04 01 C3 D5 DC 20 60 9B 9F 0C 00 03 00 00 
00 3D 35 01 01 B3 45 D9 20 60 D0 D3 DD D4 47 4E 
00 00 69 C0 04 00 84 C5 21 00 00 00 28 01 B5 AA 
44 0C 30 40 80 00 00 03 04 0D 03 06 18 30 C0 80 
00 00 00 00 00 00 00 00 6D 59 82 08 D8 70 C0 80 
00 E3 1D 12 28 68 21 30 84 80 FD 02 01 03 AC 53 
64 87 00 03 00 00 00 69 01 01 03 0C 1A 60 C0 00 
E1 FF FF FF F3 FF FF FF 0D 01 03 0E D8 25 C0 80 
00 6D 89 83 08 D8 70 C0 80 00 30 FE FD FF 1F 09 
02 0C D8 B8 20 C0 80 6D 8D A2 0C D8 60 C0 80 00 
92 7D 49 65 6A A8 06 FC CB FF D1 09 A4 72 88 0B 
B5 22 46 19 30 40 C0 00 00 00 00 00 00 00 00 00 
00 00 00 00 00 00 00 00 00 00 00 00 00 00 00 00 
00 00 00 00 00 00 00 00 00 6D C5 02 04 D8 30 E0 
80 00 8C AD 00 00 EC B5 FD FF 8E FC 00 00 DB AB 
1D 02 CC 85 9F 30 60 2A 2B 9C 79 C9 3B 08 58 93 
67 C9 80 03 00 00 00 F2 91 0A 00 4B F3 CC 7B 01 
01 03 0C 18 4E 7C 0D 8D 05 00 00 00 FE FD FF FF 
FC FF FF FF 00 00 00 00 6D CD 83 08 D8 60 C0 80 
00 E3 1D 12 28 68 21 30 84 00 01 01 93 0C 58 13 
23 31 C0 60 80 00 00 A6 3C 03 00 8D 34 FF FF 4B 
2F 11 02 AC 0F BC 20 E0 9B CD 0C 00 03 00 00 00 
3E 35 01 00 84 24 07 01 0B 6D ED 3B C7 47 4E 00 
00 6A C0 04 01 73 0B 11 60 C0 00 00 28 01 6D 15 
51 03 4C 50 40 C0 00 03 04 0D 03 0C 18 60 C0 80 
00 00 00 00 00 00 00 00 6D 59 82 08 D8 60 C0 80 
00 E3 1D 12 28 68 21 30 84 80 07 0D 03 0C 58 53 
76 87 80 03 00 00 00 53 FE FD FF CF FF FF FF BC 
FF FF FF FA FF FF FF EA FD FF FF 4A 01 03 0C 58 
93 32 84 80 03 00 00 00 30 FE FD FF 1F 09 02 0E 
D8 B8 20 C0 80 6D 8D A2 0C D8 60 C0 00 00 27 DE 
92 D9 0A 6A EE 17 F7 39 D1 09 E4 EA 09 DC 41 9B 
24 24 00 02 01 03 0C 18 60 C0 00 00 00 00 00 00 
00 00 00 00 00 00 00 00 00 00 00 00 00 00 00 00 
00 00 00 00 00 00 00 00 6D C5 02 04 D8 30 C0 80 
00 37 DD FF FF 9B F9 FB FF 93 EE 00 00 F1 15 07 
01 AB 2D 93 30 C0 F8 83 70 FD 17 73 1D 02 AC 93 
46 C9 00 03 00 00 00 12 E3 29 03 2C 36 CC 7B 01 
01 03 0C D8 4D 3E 43 E3 05 00 00 00 FF FF FF FF 
02 01 03 0C 58 40 C0 00 00 6D CD 83 08 D8 60 C0 
00 00 E3 1D 12 28 68 A1 30 C6 80 01 00 12 00 6D 
D1 A2 0C D8 60 C0 00 00 87 4F 0D 03 6C 9B 43 FF 
FB F9 22 08 98 64 BD 07 00 6D D5 63 0C D8 60 C0 
00 00 3A 8D 01 01 CB 46 D9 20 C0 D0 53 C4 51 FF 
47 4E 00 00 6B 01 04 01 03 0C 18 60 C0 00 00 28 
01 B5 AA 88 0C 30 40 80 00 00 03 04 0D 03 0C 18 
60 C0 00 00 00 00 00 00 00 00 00 6D 59 82 08 D8 
60 C0 00 00 E3 1D 12 28 68 21 30 84 80 11 03 00 
00 6D 85 E3 08 D8 60 C0 00 00 96 FE FD FF A4 01 
03 0C 58 D5 FF FF FC FF FF FF 06 00 00 00 6A 00 
00 00 6D 89 83 08 D8 60 C0 00 00 2F F9 FD FF 20 
09 02 0C 98 A8 20 C0 80 6D 8D A2 0C D8 60 C0 00 
00 E8 DB 92 D9 62 BB B9 FC E8 02 D5 02 85 FA 86 
DC 50 13 32 C9 80 02 01 03 0C 18 60 C0 00 00 00 
00 00 00 00 00 00 00 00 00 00 00 00 00 00 00 00 
00 00 00 00 00 00 00 00 00 00 00 6D C5 02 04 D8 
30 C0 80 00 52 45 FF FF A4 45 FF FF F5 E8 00 00 
2A 31 07 01 63 8B CF 18 60 FF 00 71 FF A6 72 07 
01 6B 92 44 19 B0 60 80 00 00 12 E3 29 03 2C 36 
CC 7B 01 01 03 0C D8 4D 3E 43 E3 05 00 00 00 FF 
FF FF FF 02 01 03 0C 58 40 C0 00 00 6D CD 83 08 
D8 60 C0 00 00 E3 1D 12 28 68 21 30 84 80 01 01 
93 0C 58 13 23 C5 80 03 00 00 00 EE 5A 03 00 FD 
49 FB FF BC 29 22 08 58 A7 5F 20 C0 9B 35 0C 00 
03 00 00 00 3A 8D 01 01 93 89 D9 20 C0 D0 53 30 
BE 47 4E 00 00 6C C0 04 01 03 0C 18 60 C0 00 00 
28 01 B5 AA 88 0C 30 40 80 00 00 03 04 0D 03 0C 
18 60 C0 00 00 00 00 00 00 00 00 00 6D 59 82 08 
D8 60 C0 00 00 E3 1D 12 28 68 21 30 84 80 1B 03 
00 00 6D 85 E3 08 D8 60 C0 00 00 CC FE FF FF 54 
01 03 0C 18 59 FF FF 01 01 03 0C D8 41 C0 00 00 
31 01 03 0C 58 93 64 84 00 03 00 00 00 2F F9 FD 
FF 20 09 02 0C 98 A8 20 C0 80 6D 8D A2 0C D8 60 
C0 00 00 FF D9 49 D9 FA 28 72 FC 27 1A D5 02 B9 
5A 86 DC 50 13 32 32 C0 01 00 00 00 00 00 00 00 
00 00 00 00 00 00 00 00 00 00 00 00 00 00 00 00 
00 00 00 00 00 00 00 00 00 00 00 00 6D C5 02 04 
D8 30 C0 80 00 50 E6 FD FF 87 B2 FF FF 74 F3 00 
00 F2 7D 1D 04 0C 89 3E 30 C0 85 22 70 FD 54 C9 
3B 08 58 93 46 C9 00 03 00 00 00 12 E3 29 03 2C 
36 CC 7B 01 01 03 0C D8 4D 3E 43 E3 05 00 00 00 
FF FF FF FF 02 01 03 0C 58 40 C0 00 00 6D CD 83 
08 D8 60 C0 00 00 E3 1D 12 28 68 21 30 84 80 01 
01 93 0C 58 13 23 C5 80 03 00 00 00 84 38 0D 03 
EC 52 45 FF E5 F9 22 08 18 3E 75 20 C0 9B 35 0C 
00 03 00 00 00 40 35 01 01 5B 22 76 10 B0 D0 6A 
DA C1 47 4E 00 00 6D 01 04 01 03 0C 18 60 C0 00 
00 28 01 B5 AA 88 0C 30 40 80 00 00 03 04 0D 03 
0C 18 60 C0 00 00 00 00 00 00 00 00 00 6D 59 82 
08 D8 60 C0 00 00 E3 1D 12 28 68 21 30 84 80 25 
0D 03 0C 58 53 64 87 00 03 00 00 00 D9 F9 FD FF 
B5 FD FF FF AD FD FF FF ED FF FF FF 03 00 00 00 
7A 01 03 0C 58 93 64 84 00 03 00 00 00 2F F9 FD 
FF 20 09 02 0C 98 A8 20 C0 80 6D 8D A2 0C D8 60 
C0 00 00 D3 69 49 65 5A 2A CC 1F 2D F3 F4 09 F2 
CC 10 71 41 9B 24 24 00 02 01 03 0C 18 60 C0 00 
00 00 00 00 00 00 00 00 00 00 00 00 00 00 00 00 
00 00 00 00 00 00 00 00 00 00 00 00 00 6D C5 02 
04 D8 30 C0 80 00 99 EB FF FF 4E 74 FF FF 27 E9 
01 03 AC D6 72 20 C0 F1 C7 06 00 07 09 8B FB E2 
72 07 01 6B 92 44 19 B0 60 80 00 00 12 E3 29 03 
2C 36 CC 7B 01 01 03 0C D8 4D 3E 43 E3 05 00 00 
00 FF FF FF FF 02 01 03 0C 58 40 C0 00 00 6D CD 
83 08 D8 60 C0 00 00 E3 1D 12 28 68 21 30 84 80 
01 01 93 0C 58 13 23 C5 80 03 00 00 00 E4 2C 0D 
03 CC AF EC FF 25 CD 23 08 58 0F BC 20 C0 9B 35 
0C 00 03 00 00 00 3A 8D 01 01 23 8E D9 20 C0 D0 
53 F3 03 47 4E 00 00 6E 01 04 01 03 0C 18 60 C0 
00 00 28 01 B5 AA 88 0C 30 40 80 00 00 03 04 0D 
03 0C 18 60 C0 00 00 00 00 00 00 00 00 00 6D 59 
82 08 D8 60 C0 00 00 E3 1D 12 28 68 21 30 84 80 
2F 0D 03 0C 58 53 64 87 00 03 00 00 00 37 FD FF 
FF 05 00 00 00 77 FF FF FF FA FF FF FF E9 FD FF 
FF 51 01 03 0C 58 93 64 84 00 03 00 00 00 2F F9 
FD FF 20 09 02 0C 98 A8 20 C0 80 6D 8D A2 0C D8 
60 C0 00 00 DD DD 92 D9 BA 4A D7 1F 0C EE F4 09 
0A A6 EB B8 41 9B 24 24 00 02 01 03 0C 18 60 C0 
00 00 00 00 00 00 00 00 00 00 00 00 00 00 00 00 
00 00 00 00 00 00 00 00 00 00 00 00 00 00 6D C5 
02 04 D8 30 C0 80 00 09 10 01 03 0C DD 72 FF E2 
D3 01 03 EC EF AC 20 C0 B0 63 06 00 CE 7D 70 FD 
BB 73 1D 02 AC 93 46 C9 00 03 00 00 00 12 E3 0A 
00 39 F3 CC 7B 01 01 03 0C D8 4D 3E 43 E3 05 00 
00 00 FF FF FF FF 02 01 03 0C 58 40 C0 00 00 6D 
CD 83 08 D8 60 C0 00 00 E3 1D 12 28 68 21 30 84 
80 01 01 93 0C 58 13 23 C5 80 03 00 00 00 39 40 
0D 03 EC 56 64 FF 1E 37 11 02 0C B7 EF 20 60 9B 
35 0C 00 03 00 00 00 3A 8D 01 01 93 89 D9 20 C0 
D0 53 88 82 47 4E 00 00 6F C0 04 01 03 0C 18 60 
C0 00 00 28 01 B5 AA 88 0C 30 40 80 00 00 03 04 
0D 03 0C 18 60 C0 00 00 00 00 00 00 00 00 00 6D 
59 82 08 D8 60 C0 00 00 E3 1D 12 28 68 21 30 84 
80 39 03 00 00 6D 85 E3 08 D8 60 C0 00 00 25 05 
02 0C 98 DC FF FF 73 01 03 0C 98 FD FF FF 08 01 
03 0C 98 67 C0 00 00 6D 89 83 08 D8 60 C0 00 00 
2F F9 FD FF 1F 09 02 0C 98 A8 20 C0 80 6D 8D A2 
0C D8 60 C0 00 00 82 DD 92 D9 9A 32 E4 1F 3C D0 
D1 09 64 89 20 71 41 9B 24 24 00 02 01 03 0C 18 
60 C0 00 00 00 00 00 00 00 00 00 00 00 00 00 00 
00 00 00 00 00 00 00 00 00 00 00 00 00 00 00 00 
6D 31 81 02 6C 18 60 C0 00 04 45 00 00 67 95 FB 
FF 57 D9 0B 08 58 64 AD 20 C0 E6 DA 06 00 03 45 
C1 FA 1E 73 1D 02 AC 93 46 C9 00 03 00 00 00 12 
E3 29 03 2C 36 CC 7B 01 01 03 0C D8 4D 3E 43 E3 
05 00 00 00 FF FF FF FF 02 01 03 0C 58 40 C0 00 
00 6D CD 83 08 D8 60 C0 00 00 E3 1D 12 28 68 21 
30 84 80 01 01 93 0C 58 13 23 C5 80 03 00 00 00 
A2 5D 1A 0C 98 1C 47 FF 19 ED 22 08 18 A0 FE 20 
C0 9B 35 0C 00 03 00 00 00 35 8D 01 01 5B 22 76 
10 B0 D0 6A 16 95 47 4E 00 00 70 01 04 00 00 00 
00 00 00 00 28 01 B5 AA 88 0C 30 40 80 00 00 03 
04 0D 03 0C 18 60 C0 80 00 00 00 00 00 00 00 00 
6D 59 82 08 D8 60 C0 00 00 E3 1D 12 28 68 21 30 
84 80 43 03 00 00 6D 85 E3 08 D8 60 C0 00 00 9F 
00 00 00 3F FF FF FF 4C 01 03 0C 58 5E FF FF F0 
FF FF FF 4C 01 03 0C 58 93 64 84 00 03 00 00 00 
2F F9 FD FF 1F 09 02 0C 98 A8 20 E0 80 6D 23 51 
03 6C 18 60 C0 00 16 79 92 D9 2A 2C 9B 1F 0D 35 
F4 09 4A 29 19 F1 41 9B 92 24 00 02 01 03 0C 18 
60 C0 00 00 00 00 00 00 00 00 00 00 00 00 00 00 
00 00 00 00 00 00 00 00 00 00 00 00 00 00 00 00 
6D C5 02 04 D8 30 C0 80 00 CF 9C 00 00 2F 19 FA 
FF 00 27 01 01 13 25 D5 20 C0 AB 7A 06 00 29 8D 
70 FD 7F CD 3A 08 F8 6D C9 22 06 D8 30 C0 80 00 
12 E3 29 03 2C 36 CC 7B 01 01 03 0C D8 4D BF 43 
E3 05 00 00 00 FF FF FF FF 02 01 03 0C 58 40 C0 
00 00 6D CD 83 08 D8 60 C0 00 00 E3 1D 12 28 68 
21 30 84 80 01 01 93 0C 58 13 23 C5 80 03 00 00 
00 3F 58 0D 03 4C 57 DB FF 62 BD 22 08 18 6A 21 
82 80 6D D5 63 0C D8 60 C0 00 00 3B 35 01 01 CB 
46 D9 20 C0 D0 53 85 ED 47 4E 00 00 71 C0 04 01 
03 0C 18 60 C0 00 00 28 01 B5 AA 88 0C 30 40 80 
00 00 03 04 0D 03 0C 18 60 C0 00 00 00 00 00 00 
00 00 00 6D 59 82 08 D8 60 C0 00 00 E3 1D 12 28 
68 21 30 84 80 4D 03 00 00 6D 85 E3 08 D8 60 C0 
00 00 62 F9 FD FF A7 FF FF FF AE FF FF FF 0C 00 
00 00 01 00 00 00 2A 01 03 0C 58 93 64 84 00 03 
00 00 00 2F F9 FD FF 1F 09 02 0C 98 A8 20 C0 80 
6D 8D A2 0C D8 60 C0 00 00 C5 DD 92 D9 8A 1D B5 
FC 04 71 A3 09 C4 66 18 DC 41 9B 24 24 00 02 01 
03 0C 18 60 C0 00 00 00 00 00 00 00 00 00 00 00 
00 00 00 00 00 00 00 00 00 00 00 00 00 00 00 00 
00 00 00 6D C5 02 04 D8 30 C0 80 00 A9 BC FD FF 
FB B9 FA FF 68 A5 01 06 2C 48 18 41 C0 72 C1 19 
03 2C 15 41 9C FF 81 72 07 01 6B 92 44 19 B0 60 
80 00 00 12 E3 29 03 2C 36 CC 7B 01 01 03 0C D8 
4D 3E 43 E3 05 00 00 00 FF FF FF FF 02 01 03 0C 
58 40 C0 00 00 6D CD 83 08 D8 60 C0 00 00 E3 1D 
12 28 68 21 30 84 80 01 01 93 0C 58 13 23 C5 80 
03 00 00 00 73 01 1A 0C D8 26 8E FF 04 ED 22 08 
98 49 D7 20 C0 9B 35 0C 00 03 00 00 00 3D 35 01 
01 23 8E D9 20 C0 D0 53 0B B9 FF 47 4E 00 00 72 
C0 04 01 03 0C 18 60 C0 00 00 28 01 B5 AA 88 0C 
30 40 80 00 00 03 04 0D 03 0C 18 60 C0 00 00 00 
00 00 00 00 00 00 6D 59 82 08 D8 60 C0 00 00 E3 
1D 12 28 68 21 30 84 80 57 0D 03 0C 58 53 64 87 
00 03 00 00 00 CB F9 FD FF 2D 00 00 00 25 01 03 
0C 18 31 C0 80 00 08 01 03 0C D8 47 C0 00 00 6D 
89 83 08 D8 60 C0 00 00 2E FE FD FF 1F 09 02 0C 
98 A8 20 C0 80 6D 8D A2 0C D8 60 C0 00 00 C0 D8 
92 D9 7A B4 5A 1F 99 64 D1 09 84 B2 08 DC 41 9B 
24 24 00 02 01 03 0C 18 60 C0 00 00 00 00 00 00 
00 00 00 00 00 00 00 00 00 00 00 00 00 00 00 00 
00 00 00 00 00 00 00 00 6D C5 02 04 D8 30 C0 80 
00 BA 95 FD FF 2E A3 FF FF FB 5D 0B 08 58 22 8B 
04 00 AD 69 19 06 2C AC 49 38 FF A5 73 1D 02 AC 
93 46 C9 00 03 00 00 00 12 E3 29 03 2C 36 CC 7B 
01 01 03 0C D8 4D 3E 43 E3 05 00 00 00 FF FF FF 
FF 02 01 03 0C 58 40 C0 00 00 6D CD 83 08 D8 60 
C0 00 00 E3 FF 07 09 CA 68 C8 30 42 80 01 01 93 
0C 58 13 23 C5 80 03 00 00 00 D1 47 03 00 EA 85 
FB FF C3 46 11 02 0C B7 EF 20 60 9B 35 0C 00 03 
00 00 00 3F 8D 01 01 73 23 1D 02 2C DA 6A 8E F6 
47 4E 00 00 73 01 04 01 03 0C 18 60 C0 00 00 28 
01 B5 AA 88 0C 30 40 80 00 00 03 04 0D 03 0C 18 
60 C0 00 00 00 00 00 00 00 00 00 6D 59 82 08 D8 
60 C0 00 00 E3 1D 12 28 68 21 30 84 80 61 0D 03 
0C 58 53 64 87 00 03 00 00 00 03 FE FD FF F8 FD 
FF FF AE FD FF FF FA FF FF FF 0E 01 03 0C 18 47 
C0 00 00 6D 89 83 08 D8 60 C0 00 00 2E FE FD FF 
1F 09 02 0C 98 A8 20 C0 80 6D 8D A2 0C D8 60 C0 
00 00 C1 59 49 65 62 0B 8E 17 7F 41 A3 09 94 49 
87 0B B5 22 46 19 30 40 80 00 00 00 00 00 00 00 
00 00 00 00 00 00 00 00 00 00 00 00 00 00 00 00 
00 00 00 00 00 00 00 00 00 00 00 6D FF 31 81 02 
6C 18 60 C0 00 CB 5D FD FF 24 8E FF FF 75 A5 01 
06 2C A5 78 20 C0 0E F4 19 03 6C 90 04 FA 52 CD 
3A 08 58 93 46 C9 00 03 00 00 00 12 E3 29 03 2C 
36 CC 7B 01 01 03 0C D8 4D 3E 43 E3 05 00 00 00 
FF FF FF FF 02 01 03 0C 58 40 C0 00 00 6D CD 83 
08 D8 60 C0 00 00 E3 1D 12 28 68 21 30 84 80 01 
01 93 0C 58 13 23 C5 80 03 00 00 00 1E 57 0D 03 
AC 94 43 FF A1 39 23 08 18 77 7B 20 C0 9B 35 0C 
00 03 00 00 00 3E 35 01 01 03 44 D9 20 C0 D0 53 
A6 8D 47 4E 00 00 74 C0 04 01 03 0C 18 60 C0 00 
00 28 01 B5 AA 88 0C 30 40 80 00 00 03 04 0D 03 
0C 18 60 C0 00 00 00 00 00 00 00 00 00 6D 59 82 
08 D8 60 C0 00 00 E3 1D 12 28 68 21 30 84 80 6B 
0D 03 0C 58 53 64 87 00 03 00 00 00 98 F5 FD FF 
A8 FD FF FF C9 FF FF FF F2 FD FF FF 0D 01 03 0C 
D8 69 C0 00 00 6D 89 83 08 D8 60 C0 00 00 2D FE 
FD FF 1F 09 02 0C 98 A8 20 C0 80 6D 8D A2 0C D8 
60 C0 00 00 6E 4D 49 65 FA 16 6A 1F AC 18 F4 09 
2A A7 D7 B8 41 9B 24 24 00 02 01 03 0C 18 60 C0 
00 00 00 00 00 00 00 00 00 00 00 00 00 00 00 00 
00 00 00 00 00 00 00 00 00 00 00 00 00 00 6D C5 
02 04 D8 30 C0 80 00 09 6E FD FF E5 B9 FA FF 3D 
D1 01 06 CC A2 AA 20 C0 67 F1 19 03 0C 1A 71 9C 
FF 00 73 1D 02 AC 93 46 C9 00 03 00 00 00 F6 E0 
29 03 0C D9 7E F3 7B 01 01 03 0C 18 26 9F A8 5C 
30 C0 80 00 00 00 00 00 FC FF FF FF 01 01 03 0C 
58 D3 66 84 00 03 00 00 00 E3 1D 12 28 68 21 30 
84 80 01 01 93 0C 58 13 23 C5 80 03 00 00 00 11 
39 03 00 F8 A1 FB FF 79 01 23 08 18 77 7B 20 C0 
9B 35 0C 00 03 00 00 00 3E 35 01 01 03 44 D9 20 
C0 D0 53 EF 89 FE 47 4E 00 00 75 01 04 01 03 0C 
18 60 C0 00 00 28 01 B5 AA 88 0C 30 40 80 00 00 
03 04 0D 03 0C 18 60 C0 00 00 00 00 00 00 00 00 
00 6D 59 82 08 D8 60 C0 00 00 E3 1D 12 28 68 21 
30 84 80 75 0D 03 0C 58 53 64 87 00 03 00 00 00 
CB F9 FD FF B7 FF FF FF 25 01 03 0C 98 7C FF FF 
F7 FD FF FF 37 01 03 0C 58 93 64 84 00 03 00 00 
00 2D FE FD FF 1F 09 02 0C 98 A8 20 C0 80 6D 8D 
A2 0C D8 60 C0 00 00 A0 CF 92 D9 CA 08 6C 1F AB 
C9 CD 02 A5 DA 1D B7 A8 13 32 C9 80 02 01 03 0C 
18 60 C0 00 00 00 00 00 00 00 00 00 00 00 00 00 
00 00 00 00 00 00 00 00 00 00 00 00 00 00 00 00 
00 6D C5 02 04 F8 03 00 00 00 C7 95 FD FF 81 74 
FF FF 12 18 01 01 33 0A D3 20 C0 AE 9D 19 03 8C 
DF 47 9C FF B4 73 1D 02 AC 93 46 C9 00 03 00 00 
00 F6 E0 29 03 0C D9 7E F3 7B 01 01 03 0C 18 26 
9F A8 5C 30 C0 80 00 00 00 00 00 FC FF FF FF 01 
01 03 0C 58 D3 66 84 00 03 00 00 00 E3 1D 12 28 
68 21 30 84 80 01 01 93 0C 58 13 23 C5 80 03 00 
00 00 8D 44 03 00 A3 56 FF FF C4 19 22 08 58 76 
BC 07 00 6D D5 63 0C D8 60 C0 00 00 40 35 01 01 
03 44 D9 20 C0 D0 53 AF 44 47 4E 00 00 76 01 04 
01 03 0C 18 60 C0 00 00 28 01 B5 AA 88 0C 30 40 
80 00 00 03 04 0D 03 0C 18 60 C0 00 00 00 00 00 
00 00 00 00 6D 59 82 08 D8 60 C0 00 00 E3 1D 12 
28 68 21 30 84 80 7F 0D 03 0C 58 53 64 87 00 03 
00 00 00 4F 01 03 0C 58 36 C0 80 00 4B 00 00 00 
FA FF FF FF F5 FF FF FF 29 01 03 0C 58 93 64 84 
00 03 00 00 00 2D FE FD FF 1F 09 02 0C 98 A8 20 
C0 80 6D 8D A2 0C D8 60 C0 00 00 A2 31 92 D9 4A 
EA D1 7D FF 62 1E F4 09 CA 14 88 0B B5 22 46 19 
30 40 80 00 00 00 00 00 00 00 00 00 00 00 00 00 
00 00 00 00 00 00 00 00 00 00 00 00 00 00 00 00 
00 00 00 00 00 6D C5 02 04 D8 30 C0 80 00 4D 7D 
00 00 38 E1 FF FF CD 99 0A 08 98 9A BC 20 C0 26 
99 06 00 74 06 70 FD 2D 73 1D 02 AC 93 46 C9 00 
03 00 00 00 F6 E0 29 03 0C D9 7E F3 7B 01 01 03 
0C 18 26 9F A8 5C 30 C0 80 00 00 00 00 00 FC FF 
FF FF 01 01 03 0C 58 D3 66 84 00 03 00 00 00 E3 
1D 12 28 68 21 30 84 80 01 01 93 0C 58 13 23 C5 
80 03 00 00 00 F2 79 1A 0C 18 56 8A FF FF 78 56 
04 01 73 8A 0C 10 60 9B 35 0C 00 03 00 00 00 44 
8D 01 01 EB 8A D9 20 C0 D0 53 28 CA 47 4E 00 00 
77 C0 04 01 03 0C 18 60 C0 00 00 28 01 B5 AA 88 
0C 30 40 80 00 00 03 04 0D 03 0C 18 60 C0 00 00 
00 00 00 00 00 00 00 6D 59 82 08 D8 60 C0 00 00 
E3 1D 12 28 68 21 30 84 80 89 0D 03 0C 58 53 64 
87 00 03 00 00 00 F2 FD FF FF E0 FD FF FF FC FF 
FF FF 0C 00 00 00 F1 FD FF FF 4A 01 03 0C 58 93 
64 84 00 03 00 00 00 2D FE FD FF 1F 09 02 0C 98 
A8 20 C0 80 6D 8D A2 0C D8 60 C0 00 00 EC 31 92 
D9 D2 27 EB FC A6 12 F4 09 02 6C 08 DC 41 9B 24 
24 00 02 01 03 0C 18 60 C0 00 00 00 00 00 00 00 
00 00 00 00 00 00 00 00 00 00 00 00 00 00 00 00 
00 00 00 00 00 00 00 6D C5 02 04 D8 30 C0 80 00 
1F 65 03 0C 58 19 B8 FF E0 1D 0A 08 98 AD 41 04 
00 F6 86 19 03 CC CC 28 4E EA C9 3B 08 58 93 46 
C9 00 03 00 00 00 F6 E0 29 03 0C D9 7E F3 7B 01 
01 03 0C 18 26 9F A8 5C 30 C0 80 00 00 00 00 00 
FC FF FF FF 01 01 03 0C 58 D3 66 84 00 03 00 00 
00 E3 1D 12 28 68 21 30 84 80 01 01 93 0C 58 13 
23 C5 80 03 00 00 00 83 D5 1A 0C 18 B8 FB 7F FF 
BD 4E 04 01 C3 2F 11 41 C0 6D 35 0C 00 03 00 00 
00 41 8D 01 01 B3 45 D9 20 C0 D0 53 B2 4F FF 47 
4E 00 00 78 C0 04 01 03 0C 18 60 C0 00 00 28 01 
B5 AA 88 0C 30 40 80 00 00 03 04 0D 03 0C 18 60 
C0 00 00 00 00 00 00 00 00 00 6D 59 82 08 D8 60 
C0 00 00 E3 1D 12 28 68 21 30 84 80 93 03 00 00 
6D 85 E3 08 D8 60 C0 00 00 77 00 00 00 80 01 03 
0C D8 A6 FF FF 0B 01 03 0C 18 20 C0 80 00 4D 00 
00 00 6D 89 83 08 D8 60 C0 00 00 2D FE FD FF 1F 
09 02 0C 98 A8 20 C0 80 6D 8D A2 0C D8 60 C0 00 
00 9D 49 92 D9 5A 8E D2 7D FF FB 48 F4 09 7A 89 
EF B8 41 9B 24 24 00 02 01 03 0C 18 60 C0 00 00 
00 00 00 00 00 00 00 00 00 00 00 00 00 00 00 00 
00 00 00 00 00 00 00 00 00 00 00 00 6D C5 02 04 
D8 30 C0 80 00 0E 35 00 00 BD C2 FD FF D0 35 01 
06 CC 15 86 08 30 76 68 06 00 DD 91 C1 FA C9 74 
07 01 6B 92 44 19 B0 60 80 00 00 F6 E0 29 03 0C 
D9 7E F3 7B 01 01 03 0C 18 26 1A 8D 05 00 00 00 
00 00 00 00 FC FF FF FF 01 01 03 0C 58 D3 66 84 
00 03 00 00 00 E3 1D 12 28 68 21 30 84 80 01 01 
93 0C 58 13 23 E5 80 03 00 00 00 DC E1 1A 0C D8 
4E B4 FF E5 F9 22 08 18 77 7B 20 60 9B 35 0C 00 
03 00 00 00 3B 35 01 01 23 8E D9 20 C0 D0 6A CE 
B9 47 4E 00 00 79 81 04 00 00 00 00 00 00 00 28 
01 B5 AA 88 0C 30 40 80 00 00 03 04 03 00 00 00 
00 00 00 00 00 00 00 00 00 00 6D 59 82 08 D8 60 
C0 80 00 E3 1D 12 28 68 21 30 84 80 9D 0D 03 0C 
58 53 64 87 00 03 00 00 00 33 01 01 03 AC F6 FF 
FF 4B 00 00 00 0D 01 03 0C D8 AF FF FF 19 01 03 
0C 58 93 64 84 00 03 00 00 00 2D FE FD FF 1F 09 
02 0E 98 A8 20 C0 80 6D 8D A2 0C D8 60 C0 00 00 
CD 51 92 D9 FA 42 6B 1F D6 21 A2 09 F4 ED D7 B8 
41 9B 24 24 00 02 01 03 0C 18 60 C0 00 00 00 00 
00 00 00 00 00 00 00 00 00 00 00 00 00 00 00 00 
00 00 00 00 00 00 00 00 00 00 6D C5 02 FC 00 03 
00 00 00 4A 59 01 06 8C 28 B4 FF BA 99 0A 08 18 
E5 10 10 60 D9 A0 06 00 82 C5 6F FF 87 73 1D 02 
AC 93 46 C9 00 03 00 00 00 F6 E0 29 03 0C D9 7E 
F3 7B 01 01 03 0C 18 26 9F A8 5C 30 C0 80 00 00 
00 00 00 FC FF FF FF 01 01 03 0C 58 D3 66 84 00 
03 00 00 00 E3 1D 12 28 68 21 30 84 80 01 01 93 
0C 58 13 23 C5 80 03 00 00 00 A1 E1 1A 0C 98 33 
CF FF 9C 4A 11 02 0C CD 21 41 80 6D D5 63 0C D8 
70 C0 80 00 34 8D 01 01 CB 46 D9 20 C0 D0 53 70 
2D 47 4E 00 00 7A 01 04 01 03 0C 18 60 C0 00 00 
28 01 B5 AA 88 0C 30 40 80 00 00 03 04 0D 03 0C 
18 60 C0 00 00 00 00 00 00 00 00 00 6D 59 82 08 
D8 60 C0 00 00 E3 1D 12 28 68 21 30 84 80 A7 0D 
03 0C 58 53 64 87 00 03 00 00 00 77 00 00 00 D4 
FF FF FF 23 01 03 0C 18 20 C0 80 00 F9 FF FF FF 
3F 00 00 00 6D 89 83 08 D8 60 C0 00 00 2D FE FD 
FF 1F 09 02 0C 98 A8 20 C0 80 6D 8D A2 0C D8 60 
C0 00 00 01 55 49 65 5A 55 EB FC 06 FF F3 02 61 
FB 1D 0B B5 22 46 19 30 40 80 00 00 00 00 00 00 
00 00 00 00 00 00 00 00 00 00 00 00 00 00 00 00 
00 00 00 00 00 00 00 00 00 00 00 00 6D 31 20 00 
03 00 00 00 EF 8C 00 00 43 7F FF FF 32 17 01 00 
1A ED 07 00 A5 A4 06 00 20 5A 70 FF 15 74 07 01 
6B 92 44 19 B0 60 80 00 00 F6 E0 0A 00 28 F3 CC 
7B 01 01 03 0E 18 26 DF A8 5C 30 C0 80 00 00 00 
00 00 FC FF FF FF 01 01 03 0C 58 D3 66 84 00 03 
00 00 00 E3 1D 12 28 68 21 30 84 80 01 01 93 0C 
58 13 23 C5 80 03 00 00 00 D2 30 03 00 6A 38 FD 
FF 7D 4E 04 01 D3 0E D7 20 C0 9B 35 0C 00 03 00 
00 00 3B 35 01 01 23 8E D9 20 C0 D0 53 38 A5 FE 
47 4E 00 00 7B C0 04 01 03 0C 18 60 C0 00 00 28 
01 B5 AA 88 0C 30 40 80 00 00 03 04 0D 03 0C 18 
60 C0 00 00 00 00 00 00 00 00 00 6D 59 82 08 D8 
60 C0 00 00 E3 1D 12 28 68 21 30 84 80 B1 03 00 
00 6D 85 E3 08 D8 60 C0 00 00 D4 01 01 03 0C D6 
FF FF 49 01 03 0C D8 18 60 C0 00 E1 FF FF FF 5C 
00 00 00 6D 89 83 08 D8 60 C0 00 00 2E FE FD FF 
1F 09 02 0C 98 A8 20 C0 80 6D 8D A2 0C D8 60 C0 
00 00 57 5D 92 D9 02 6A 15 17 A1 F9 CD 02 C5 A3 
0C DC 41 9B 24 24 00 02 00 00 00 00 00 00 00 00 
00 00 00 00 00 00 00 00 00 00 00 00 00 00 00 00 
00 00 00 00 00 00 00 00 00 00 00 6D C5 02 04 D8 
30 C0 80 00 19 55 0A 08 18 34 4F FF 45 99 0A 08 
58 6E 31 82 80 C5 45 19 03 CC 6B 16 4E CC 72 07 
01 6B 92 44 19 B0 60 80 00 00 F6 E0 29 03 0C D9 
FE CC 7B 01 01 03 0C 18 26 9F A8 5C 30 C0 80 00 
00 00 00 00 FC FF FF FF 01 01 03 0C 58 D3 66 84 
00 03 00 00 00 E3 1D 12 28 68 21 30 84 80 01 01 
93 0C 58 13 23 C5 80 03 00 00 00 17 29 0D 03 AC 
09 F4 FF 77 4E 04 01 E3 ED EA 20 60 9B 35 0C 00 
03 00 00 00 36 8D 01 01 CB 46 76 10 B0 D0 6A EF 
03 47 4E 00 00 7C 01 04 01 03 0C 18 60 C0 00 00 
28 01 B5 AA 88 0C 30 40 80 00 00 03 04 0D 03 0C 
18 60 C0 00 00 00 00 00 00 00 00 00 6D 59 82 08 
D8 60 C0 00 00 E3 1D 12 28 68 21 30 84 80 BB 03 
00 00 6D 85 E3 08 D8 60 C0 00 00 6B 01 03 0C 18 
2C C0 80 00 AA FF FF FF 00 00 00 00 F1 FD FF FF 
32 01 03 0C 58 93 64 84 00 03 00 00 00 2E FE FD 
FF 1F 09 02 0C 98 A8 20 C0 80 6D 8D A2 0C D8 60 
C0 00 00 90 D9 49 D9 9A CA EC F1 73 45 A2 09 64 
0F BF B8 41 9B 24 24 00 02 01 03 0C 18 60 C0 00 
00 00 00 00 00 00 00 00 00 00 00 00 00 00 00 00 
00 00 00 00 00 00 00 00 00 00 00 00 00 6D C5 02 
04 D8 30 C0 80 00 24 88 00 00 76 71 FD FF F9 E7 
00 00 46 6D 07 01 FF 6D 11 06 00 47 29 C1 FA 08 
CD 3A 08 58 93 46 C9 00 03 00 00 00 F6 E0 29 03 
0C D9 7E F3 7B 01 01 03 0C 18 26 9F A8 5C 30 C0 
80 00 00 00 00 00 FC FF FF FF 01 01 03 0C 58 D3 
66 84 00 03 00 00 00 E3 1D 12 28 68 21 30 84 80 
01 01 93 0C 58 13 23 C5 80 03 00 00 00 BD 57 0D 
03 AC C3 F4 FF 63 2F 11 02 0C B7 EF 20 60 9B 35 
0C 00 03 00 00 00 43 35 01 01 23 47 D9 20 C0 D0 
53 A4 6D FF 47 4E 00 00 7D C0 04 01 03 0C 18 60 
C0 00 00 28 01 B5 AA 88 0C 30 40 80 00 00 03 04 
0D 03 0C 18 60 C0 00 00 00 00 00 00 00 00 00 6D 
59 82 08 D8 60 C0 00 00 E3 1D 12 28 68 21 30 84 
80 C5 03 00 00 6D 85 E3 08 D8 60 C0 00 00 BE FF 
FF FF 77 FF FF FF B9 FD FF FF 13 01 03 0C 98 7F 
FF FF 63 00 00 00 6D 89 83 08 D8 60 C0 00 00 2E 
FE FD FF 1F 09 02 0C 98 A8 20 C0 80 6D 8D A2 0C 
D8 60 C0 00 00 A1 71 49 65 5A 46 C7 17 4F 75 A3 
09 F4 C2 EF DC 41 9B 24 24 00 02 01 03 0C 18 60 
C0 00 00 00 00 00 00 00 00 00 00 00 00 00 00 00 
00 00 00 00 00 00 00 00 00 00 00 00 00 00 00 6D 
C5 02 04 D8 30 C0 80 00 57 11 03 0C 98 54 6B FF 
F0 ED 00 00 0F 27 08 01 E3 3A 65 18 30 E8 3E 9C 
4B 73 1D 02 AC 93 46 C9 00 03 00 00 00 F6 E0 29 
03 0C D9 7E F3 7B 01 01 03 0C 18 26 9F A8 5C 30 
C0 80 00 00 00 00 00 FC FF FF FF 01 01 03 0C 58 
D3 66 84 00 03 00 00 00 E3 1D 12 28 68 21 30 84 
80 01 01 93 0C 58 13 23 C5 80 03 00 00 00 F9 57 
0D 03 4C 35 D2 FF AD 8D 22 08 18 77 7B 20 C0 9B 
35 0C 00 03 00 00 00 41 8D 01 01 93 89 D9 20 C0 
D0 53 7D 17 47 4E 00 00 7E C0 04 01 03 0C 18 60 
C0 00 00 28 01 B5 AA 88 0C 30 40 80 00 00 03 04 
0D 03 0C 18 60 C0 00 00 00 00 00 00 00 00 00 6D 
59 82 08 D8 60 C0 00 00 E3 1D 12 28 68 21 30 84 
80 CF 03 00 00 6D 85 E3 08 D8 60 C0 00 00 78 00 
00 00 C8 FD FF FF ED FF FF FF 00 00 00 00 0C 00 
00 00 3A 00 00 00 6D 89 83 08 D8 60 C0 00 00 2E 
FE FD FF 1F 09 02 0C 98 A8 20 C0 80 6D 8D A2 0C 
D8 60 C0 00 00 DF 79 92 D9 8A 4A 1F 17 47 10 D1 
09 94 14 EF B8 41 9B 24 24 00 02 01 03 0C 18 60 
C0 00 00 00 00 00 00 00 00 00 00 00 00 00 00 00 
00 00 00 00 00 00 00 00 00 00 00 00 00 00 00 6D 
C5 02 04 D8 30 C0 80 00 1A 35 00 00 0C 7A FD FF 
54 09 0A 08 18 92 5B 20 C0 CD EF 06 00 6D 1D 83 
FA 06 74 07 01 6B 92 44 19 B0 60 80 00 00 D2 E1 
0A 00 28 F3 CC 7B 01 01 03 0C 18 26 9F A8 5C 30 
C0 80 00 01 01 03 0C 98 40 C0 00 00 00 00 00 00 
6D CD 83 08 D8 60 C0 00 00 E3 1D 12 28 68 21 30 
84 80 01 01 93 0C 58 13 23 C5 80 03 00 00 00 27 
50 03 00 5B E1 FA FF C0 1F 11 02 4C 19 AF 20 C0 
9B 35 0C 00 03 00 00 00 3B 35 01 01 5B 22 76 10 
B0 D0 6A 89 D3 FF 47 4E 00 00 7F 01 04 01 03 0C 
18 60 C0 00 00 28 01 B5 AA 88 0C 30 40 80 00 00 
03 04 0D 03 0C 18 60 C0 00 00 00 00 00 00 00 00 
00 6D 59 82 08 D8 60 C0 00 00 E3 1D 12 28 68 21 
30 84 80 D9 0D 03 0C 58 53 64 87 00 03 00 00 00 
A0 00 00 00 FD FD FF FF 4B 00 00 00 F4 FD FF FF 
F6 FF FF FF 49 01 03 0C 58 93 64 84 00 03 00 00 
00 2E FE FD FF 1F 09 02 0C 98 A8 20 C0 80 6D 8D 
A2 0C D8 60 C0 00 00 71 DD 92 D9 F2 F7 A8 1F A1 
69 A2 09 54 AA DF B8 41 9B 24 24 00 02 01 03 0C 
18 60 C0 00 00 00 00 00 00 00 00 00 00 00 00 00 
00 00 00 00 00 00 00 00 00 00 00 00 00 00 00 00 
00 6D C5 02 04 D8 30 C0 80 00 BD 9C 00 00 C9 8E 
FF FF C7 99 0A 08 98 4C D5 20 C0 9E 39 30 C0 DF 
81 70 FD 35 73 1D 02 AC 93 46 C9 00 03 00 00 00 
D2 E1 0A 00 28 F3 CC 7B 01 01 03 0C 18 26 9F A8 
5C 30 C0 80 00 01 01 03 0C 98 40 C0 00 00 00 00 
00 00 6D CD 83 08 D8 60 C0 00 00 E3 1D 12 28 68 
21 30 84 80 01 01 93 0C 58 13 23 C5 80 03 00 00 
00 41 48 03 00 3D A5 FA FF B9 7D 22 08 18 14 18 
41 C0 6D 35 0C 00 03 00 00 00 44 8D 01 01 23 8E 
D9 20 C0 D0 53 06 C3 47 4E 00 00 80 C0 04 01 53 
A7 9D 9D 1D 60 C0 28 01 B5 AA 44 0C 30 40 80 00 
00 03 04 0D 03 0C 18 60 C0 80 00 00 00 00 00 00 
00 00 6D 59 82 08 D8 30 C0 80 00 E3 1D 12 BC 68 
C8 30 42 80 E3 0D 03 06 58 53 64 87 00 03 00 00 
00 F3 FF FF FF 9D 01 03 0C 58 DA FF FF FD FD FF 
FF F5 FF FF FF 51 01 03 0C 58 93 64 84 00 03 00 
00 00 2E FE FD FF 1F 0D 02 06 98 A8 20 C0 80 6D 
23 51 03 6C 18 60 C0 00 51 89 92 D9 EA 14 AC 1F 
A2 65 A3 09 64 3B 75 DC 50 13 32 C9 80 02 01 03 
0C 18 60 C0 00 00 00 00 00 00 00 00 00 00 00 00 
00 00 00 00 00 00 00 00 00 00 00 00 00 00 00 00 
00 00 6D C5 02 04 D8 30 C0 80 00 3F 59 00 00 CF 
CC FF FF B2 C3 00 00 25 45 07 01 73 26 CA 30 60 
5B 9F 70 FD 70 CD 3A 08 58 93 67 C9 00 03 00 00 
00 D2 E1 0A 00 28 F3 CC 7B 01 01 03 0C 18 26 9F 
A8 5C 30 E0 80 00 01 01 03 0C 98 40 C0 00 00 00 
00 00 00 6D CD 83 08 D8 60 C0 00 00 E3 1D 12 28 
68 21 30 84 80 01 01 93 0C 58 13 23 C5 80 03 00 
00 00 8D 38 0D 03 EC C3 F4 FF 84 4E 04 01 A3 45 
07 01 6B AA C6 18 B0 60 80 00 00 3F 8D 01 01 23 
8E D9 20 C0 D0 53 6A 7C FF 47 4E 00 00 81 C0 04 
01 13 68 18 72 80 00 00 28 01 B5 AA 88 0C 30 40 
80 00 00 03 04 0D 03 0C 18 60 C0 00 00 00 00 00 
00 00 00 00 6D 59 82 08 D8 60 C0 00 00 E3 1D 12 
28 68 21 B0 C4 80 05 00 00 00 6D 85 E3 08 D8 60 
C0 00 00 B0 FD FF FF E3 FD FF FF AC FF FF FF FF 
FF FF FF EC FD FF FF 4A 01 03 0C 58 93 64 84 00 
03 00 00 00 2E FE FD FF 1F 09 02 0C 98 A8 20 C0 
80 6D 8D A2 0C D8 60 C0 00 00 AD 91 92 D9 E2 8A 
B1 F1 4C 39 A3 09 F4 2A D4 B8 41 9B 24 24 00 02 
01 03 0C 18 60 C0 00 00 00 00 00 00 00 00 00 00 
00 00 00 00 00 00 00 00 00 00 00 00 00 00 00 00 
00 00 00 00 6D C5 02 04 D8 30 C0 80 00 14 3F 00 
00 1F 11 FF FF A6 E8 00 00 72 D8 07 01 53 E9 9B 
30 C0 F2 83 C1 FA 4B 73 1D 02 AC 93 46 C9 00 03 
00 00 00 D2 E1 0A 00 28 F3 CC 7B 01 01 03 0C 18 
26 9F A8 5C 30 C0 80 00 01 01 03 0C 98 40 C0 00 
00 00 00 00 00 6D CD 83 08 D8 60 C0 01 00 E3 1D 
12 28 68 21 30 84 80 01 01 93 0C 58 13 23 C5 80 
03 00 00 00 FE 0D 1A 0C 98 2F B2 FF D8 42 04 01 
63 8A 18 41 C0 6D 35 0C 00 03 00 00 00 3E 3F 01 
01 CB 46 D9 20 C0 D0 53 05 4F FF 47 4E 00 00 82 
C0 04 01 23 0C 58 20 C0 80 00 28 01 B5 AA 44 0C 
30 40 80 00 00 03 04 03 00 00 00 00 00 00 00 00 
00 00 00 00 00 6D 59 82 04 D8 30 C0 80 00 E3 1D 
12 BC 68 21 B0 C4 80 0F 00 00 00 6D 21 1C 01 1B 
0C 18 60 C0 DC 00 00 00 4E 00 00 00 B6 01 03 06 
58 BF FF FF FB FD FF FF 45 01 03 0C 58 93 64 84 
80 03 00 00 00 2E FE FD FF 1F 09 02 0C 98 A8 20 
C0 80 6D 23 51 03 6C 18 60 C0 00 B1 DD 92 D9 CA 
25 AC 1F F3 75 F4 09 9A 08 EB B8 41 9B B6 24 00 
02 01 03 0C 18 60 C0 80 00 00 00 00 00 00 00 00 
00 00 00 00 00 00 00 00 00 00 00 00 00 00 00 00 
00 00 00 00 00 6D C5 02 FC 00 03 00 00 00 52 82 
00 00 E3 B5 FD FF A2 50 01 01 53 34 75 10 B0 D7 
55 30 C0 6F 4E 38 FF F1 72 07 01 6B 92 44 19 B0 
60 80 00 00 D2 E1 0A 00 28 F3 CC 7B 01 01 03 0C 
18 26 1A 35 05 00 00 00 01 01 03 06 98 20 C0 80 
00 00 00 00 00 6D CD 83 08 D8 60 C0 80 00 E3 1D 
12 28 68 21 30 C6 80 01 01 93 0C 58 13 23 C5 80 
03 00 00 00 B4 4F 0D 03 FE 4A F4 FF FA 3E 11 02 
8C 96 20 82 80 6D D5 63 0C D8 70 C0 80 00 42 8D 
01 01 5B 22 76 10 B0 D0 6A 2C 10 FF 47 4E 00 00 
83 81 04 00 C0 C6 2D 00 00 00 28 01 6D 55 A2 0C 
98 40 80 00 00 03 04 03 00 00 00 00 00 00 00 00 
00 00 00 00 00 6D 59 82 08 D8 70 C0 80 00 E3 1D 
12 28 68 21 B0 E4 80 19 01 03 0C 58 53 64 87 00 
03 00 00 00 69 01 01 03 2C 1B 60 C0 80 14 00 00 
00 F8 FD FF FF FD FD FF FF 28 00 00 00 6D 89 83 
08 D8 60 C0 80 00 2E FE FD FF 1F 09 02 0C 98 A8 
20 60 80 6D 8D A2 0C D8 60 C0 00 00 43 DF 49 D9 
62 65 D7 FC F6 AF F4 02 17 D5 1D 0B B5 22 46 19 
30 40 C0 00 00 00 00 00 00 00 00 00 00 00 00 00 
00 00 00 00 00 00 00 00 00 00 00 00 00 00 00 00 
00 00 00 00 00 6D 31 81 02 6C 18 60 C0 00 47 EB 
00 00 62 E1 FF FF 69 11 01 01 BB FE 77 08 B0 61 
56 83 00 6A FF 6F FF DB 72 07 01 6B 92 44 19 B0 
60 80 00 00 D2 E1 0A 00 28 F3 CC 7B 01 01 03 0C 
18 26 9F A8 5C 30 60 80 00 01 01 03 0C 98 40 C0 
80 00 00 00 00 00 6D CD 83 08 D8 30 C0 80 00 E3 
1D 12 28 68 21 30 46 80 01 01 93 0C 58 13 23 C5 
80 03 00 00 00 99 57 0D 03 6C 0E F4 FF 00 3F 04 
01 E3 2A 1D 04 AC 53 33 C3 80 03 00 00 00 3E 35 
01 00 52 91 3B 08 58 68 6A D4 EC 47 4E 00 00 84 
C0 04 01 03 0C C8 10 60 C0 00 28 01 B5 AA 4C 0C 
30 40 80 00 00 03 04 0D 03 0C 18 70 C0 80 00 00 
00 00 00 00 00 00 6D 59 82 08 D8 70 C0 80 00 E3 
1D 12 28 68 21 B0 C4 80 23 01 03 0E 58 53 64 87 
00 03 00 00 00 90 01 01 03 EC DC FF FF B5 00 00 
00 EA FD FF FF FC FF FF FF 45 01 03 0C 58 93 32 
84 80 03 00 00 00 2F F9 FD FF 1F 09 02 0E 98 A8 
20 C0 80 6D 8D A2 0C D8 60 C0 00 00 56 DD 92 76 
A9 3A EE FC C4 51 D1 09 04 A5 08 DC 41 9B B6 24 
00 02 01 03 0C 18 60 C0 00 00 00 00 00 00 00 00 
00 00 00 00 00 00 00 00 00 00 00 00 00 00 00 00 
00 00 00 00 00 00 6D 31 81 02 6C 18 60 C0 00 B6 
E9 00 00 56 60 FF FF 41 50 01 01 E3 CB D4 20 C0 
C7 AE 06 00 23 C5 83 FA F1 C9 3B 08 58 93 46 C9 
80 03 00 00 00 D2 E1 0A 00 28 F3 CC 7B 01 01 03 
0C 18 26 9F A8 5C 30 C0 80 00 01 00 00 00 02 01 
03 0C 18 60 C0 00 00 6D EF 83 04 D8 30 C0 80 00 
E3 1D 12 28 68 21 30 C6 80 01 01 93 0C 58 13 23 
C5 80 03 00 00 00 2C 39 03 00 6F 56 FF FF 47 2F 
11 02 0C CD 08 10 B0 9B CD 0C 00 03 00 00 00 3C 
8D 01 01 73 23 1D 02 2C DA 6A 5D 45 47 4E 00 00 
85 01 04 01 0B 08 18 60 80 00 00 28 01 B5 AA 88 
0C 30 40 80 00 00 03 04 0D 03 0C 18 60 C0 00 00 
00 00 00 00 00 00 00 6D 59 82 08 D8 60 C0 00 00 
E3 1D 12 28 68 21 B0 C4 80 2D 00 00 00 6D 85 E3 
08 D8 60 C0 00 00 A3 FF FF FF 0A 00 00 00 BA FD 
FF FF 08 01 03 0C 58 61 C0 00 00 58 01 03 0C 58 
93 64 84 00 03 00 00 00 2F F9 FD FF 1F 09 02 0C 
98 A8 20 C0 80 6D 8D A2 0C D8 60 C0 00 00 BB DE 
92 D9 2A 44 CC 1F 0F 97 D1 09 34 2A 20 71 41 9B 
24 24 00 02 01 03 0C 18 60 C0 00 00 00 00 00 00 
00 00 00 00 00 00 00 00 00 00 00 00 00 00 00 00 
00 00 00 00 00 00 00 00 6D C5 02 04 D8 30 C0 80 
00 2E 3A 00 00 81 93 FF FF F0 ED 00 00 C8 F5 FF 
07 01 33 D7 CF 30 60 C8 BD 70 FD D5 C5 3B 08 58 
93 46 C9 00 03 00 00 00 D2 E1 0A 00 28 F3 CC 7B 
01 01 03 0C 18 26 9F A8 5C 30 C0 80 00 01 01 03 
0C 98 40 C0 00 00 00 00 00 00 6D CD 83 08 D8 60 
C0 00 00 E3 1D 12 28 68 21 30 84 80 01 01 93 0C 
58 13 23 31 C0 60 80 00 00 05 44 03 00 0F 1E FF 
FF 09 3B 11 02 2C 17 1D 06 AC 53 33 C3 80 03 00 
00 00 34 35 01 01 CB 46 D9 20 C0 D0 53 58 85 FE 
47 4E 00 00 86 01 04 01 83 F6 D8 08 30 60 80 28 
01 B5 AA 88 0C 30 40 80 00 00 03 04 0D 03 0C 18 
60 C0 00 00 00 00 00 00 00 00 00 6D 59 82 08 D8 
60 C0 00 00 E3 1D 12 28 68 21 B0 C4 80 37 01 03 
0C 58 53 64 87 00 03 00 00 00 D8 FF FF FF 83 01 
03 0C 58 7C FF FF 04 01 03 0C D8 7E FF FF 51 01 
03 0C 58 93 64 84 00 03 00 00 00 2F F9 FD FF 1F 
09 02 0C 98 A8 20 C0 80 6D 8D A2 0C D8 60 C0 00 
00 02 79 92 D9 C2 AA B5 FC EC 29 F4 09 FA AE 87 
0B B5 22 46 19 30 40 80 00 00 00 00 00 00 00 00 
00 00 00 00 00 00 00 00 00 00 00 00 00 00 00 00 
00 00 00 00 00 00 00 00 00 00 6D C5 02 04 D8 30 
C0 80 00 96 4E 00 00 65 C2 FD FF 40 F5 01 06 EC 
A6 DF 20 C0 8C 89 06 00 A3 9F 70 FD E2 72 07 01 
6B 92 44 19 B0 60 80 00 00 D2 E1 0A 00 28 F3 CC 
7B 01 01 03 0C 18 26 9F A8 5C 30 C0 80 00 01 01 
03 0C 98 40 C0 00 00 00 00 00 00 6D CD 83 08 D8 
60 C0 00 00 E3 1D 12 28 68 21 30 84 80 01 01 93 
0C 58 13 23 C5 80 03 00 00 00 32 5D 1A 0C 98 90 
E4 FF FF A1 39 23 08 18 48 D7 20 C0 9B 35 0C 00 
03 00 00 00 3D 35 01 01 B3 45 D9 20 C0 D0 53 B3 
F1 FF 47 4E 00 00 87 C0 04 01 03 0C 18 60 C0 00 
00 28 01 B5 AA 88 0C 30 40 80 00 00 03 04 0D 03 
0C 18 60 C0 00 00 00 00 00 00 00 00 00 6D 59 82 
08 D8 60 C0 00 00 E3 1D 12 28 68 21 B0 C4 80 41 
00 00 00 6D 85 E3 08 D8 60 C0 00 00 1C FD FF FF 
FE FD FF FF 4D 00 00 00 FE FD FF FF EF FD FF FF 
53 00 00 00 6D 89 83 08 D8 60 C0 00 00 2F F9 FD 
FF 1F 09 02 0C 98 A8 20 C0 80 6D 8D A2 0C D8 60 
C0 00 00 96 D8 92 76 81 22 D5 1F 43 15 F4 09 0A 
E8 0C DC 41 9B 24 24 00 02 01 03 0C 18 60 C0 00 
00 00 00 00 00 00 00 00 00 00 00 00 00 00 00 00 
00 00 00 00 00 00 00 00 00 00 00 00 00 6D C5 02 
04 D8 30 C0 80 00 2B 05 00 00 7B 8E FF FF 8C 9D 
0B 08 D8 6E AD 20 C0 7A 19 FF 00 FC A8 C1 FA 26 
CD 3A 08 58 93 46 C9 00 03 00 00 00 D2 E1 0A 00 
28 F3 CC 7B 01 01 03 0C 18 26 9F A8 5C 30 C0 80 
00 01 00 00 00 02 01 03 0C 18 60 C0 80 00 6D CD 
83 08 D8 60 C0 00 00 E3 07 02 65 9A C8 18 42 C0 
01 00 12 00 6D D1 A2 0C D8 60 C0 00 00 C3 66 03 
00 D8 38 FD FF 4F 79 22 0C 18 A0 FE 20 C0 9B 35 
0C 00 03 00 00 00 43 35 01 01 93 89 D9 20 60 D0 
53 0B E1 FF 47 4E 00 00 88 C0 04 01 1B 0C 18 60 
C0 00 00 28 01 B5 AA 88 0C 30 40 80 00 00 03 04 
0D 03 0C 18 60 C0 00 00 00 00 00 00 00 00 00 6D 
59 82 08 D8 60 C0 00 00 E3 1D 12 28 68 21 B0 C4 
80 4B 00 00 00 6D 85 E3 08 D8 60 C0 00 00 2B FE 
FD FF AA 00 00 00 9F FF FF FF 00 00 00 00 02 01 
03 0C D8 34 C0 80 00 6D 89 83 08 D8 60 C0 00 00 
2E FE FD FF 20 09 02 0C 98 A8 20 C0 80 6D 8D A2 
0C D8 60 C0 00 00 94 55 49 65 6A AD 17 17 EB F7 
D1 09 24 CC BF B8 41 9B 24 24 00 02 01 03 0C 18 
60 C0 00 00 00 00 00 00 00 00 00 00 00 00 00 00 
00 00 00 00 00 00 00 00 00 00 00 00 00 00 00 00 
6D C5 02 04 D8 30 C0 80 00 34 9D FD FF B4 D1 FF 
FF E8 E3 01 03 EC 97 EF 20 60 D5 C5 06 00 8B 7A 
C1 FA D9 CD 3A 08 58 93 46 C9 00 03 00 00 00 B6 
7D 29 06 EC B1 7E E6 7B 01 01 03 0C D8 20 7C 0D 
8D 05 00 00 00 00 00 00 00 FC FF FF FF 01 01 03 
0C 58 D3 66 84 00 03 00 00 00 E3 1D 12 28 68 21 
B0 C4 80 01 01 93 0C 58 13 23 C5 80 03 00 00 00 
08 E5 1B 0C 58 28 B5 FF E4 3E 11 02 8C 9B 77 10 
B0 9B CD 0C 00 03 00 00 00 3F 8D 01 01 EB 8A D9 
20 C0 D0 53 61 09 FF 47 4E 00 00 89 01 04 01 03 
0C 98 62 C0 00 00 28 01 B5 AA 88 0C 30 40 80 00 
00 03 04 0D 03 0C 18 60 C0 00 00 00 00 00 00 00 
00 00 6D 59 82 08 D8 60 C0 00 00 E3 1D 12 28 68 
21 B0 C4 80 55 00 00 00 6D 85 E3 08 D8 60 C0 00 
00 44 FF FF FF FD FD FF FF E1 FF FF FF ED FF FF 
FF F1 FD FF FF 44 00 00 00 6D 89 83 08 D8 60 C0 
00 00 2E FE FD FF 20 09 02 0C 98 A8 20 C0 80 6D 
8D A2 0C D8 60 C0 00 00 92 51 92 D9 A2 69 8A 17 
61 C9 D1 09 14 E6 DF B8 41 9B 24 24 00 02 01 03 
0C 18 60 C0 00 00 00 00 00 00 00 00 00 00 00 00 
00 00 00 00 00 00 00 00 00 00 00 00 00 00 00 00 
00 00 6D C5 02 04 D8 30 C0 80 00 11 15 01 03 8C 
73 EE FF B4 FD 01 03 4C 92 EA 10 60 FF 83 06 00 
F4 B9 FE 70 FD 69 73 1D 02 AC 93 46 C9 00 03 00 
00 00 B6 7D 29 06 EC B1 7E E6 7B 01 01 03 0C D8 
20 7C 0D 8D 05 00 00 00 00 00 00 00 FC FF FF FF 
01 01 03 0C 58 D3 66 84 00 03 00 00 00 E3 1D 12 
28 68 21 B0 C4 80 01 01 93 0C 58 13 23 C5 80 03 
00 00 00 CD E1 1A 0C 18 69 69 FF 9C 4A 11 02 AC 
2E 12 41 C0 6D 35 0C 00 03 00 00 00 3D 35 01 01 
23 8E D9 20 C0 D0 53 BB 9A 47 4E 00 00 8A 01 04 
01 03 0C 18 60 C0 00 00 28 01 B5 AA 88 0C 30 40 
80 00 00 03 04 0D 03 0C 18 60 C0 00 00 00 00 00 
00 00 00 00 6D 59 82 08 D8 60 C0 00 00 E3 1D 12 
28 68 21 B0 C4 80 5F 00 00 00 6D 21 1C 01 1B 0C 
18 60 C0 E4 FF FF FF 5A 00 00 00 4B 00 00 00 0E 
01 03 0C 18 D7 FF FF 45 01 03 0C 58 93 64 84 00 
03 00 00 00 2E FE FD FF 20 09 02 0C 98 A8 20 C0 
80 6D 8D A2 0C D8 60 C0 00 00 44 D0 49 D9 12 D6 
1C 17 00 18 F5 02 DD 31 86 6E 50 13 32 C9 80 02 
01 03 0C 18 60 C0 00 00 00 00 00 00 00 00 00 00 
00 00 00 00 00 00 00 00 00 00 00 00 00 00 00 00 
00 00 00 00 6D C5 02 04 D8 30 C0 80 00 6B 4D 03 
0C D8 5F 76 FF 0C 27 01 01 2B 54 08 10 60 B3 71 
06 00 50 71 70 FD 5A 73 1D 02 AC 93 46 C9 00 03 
00 00 00 B6 7D 29 06 EC B1 7E E6 7B 01 01 03 0C 
D8 20 7C 0D 8D 05 00 00 00 00 00 00 00 FC FF FF 
FF 01 01 03 0C 58 D3 66 84 00 03 00 00 00 E3 1D 
12 28 68 21 B0 C4 80 01 01 93 0C 58 13 23 C5 80 
03 00 00 00 75 01 1A 0C D8 6D DA FF 73 49 22 08 
58 3A 9C 04 00 6D D5 63 0C D8 60 C0 00 00 38 35 
01 01 5B 22 76 10 B0 D0 6A 2C 16 FF 47 4E 00 00 
8B C0 04 01 03 0C 18 60 C0 00 00 28 01 B5 AA 88 
0C 30 40 80 00 00 03 04 0D 03 0C 18 60 C0 00 00 
00 00 00 00 00 00 00 6D 59 82 08 D8 60 C0 00 00 
E3 1D 12 28 68 21 B0 C4 80 69 00 00 00 6D 85 E3 
08 D8 60 C0 00 00 6B 01 03 0C 98 46 C0 00 00 9D 
FD FF FF F1 FD FF FF FF FF FF FF 3A 00 00 00 6D 
89 83 08 D8 60 C0 00 00 2E FE FD FF 20 09 02 0C 
98 A8 20 C0 80 6D 8D A2 0C D8 60 C0 00 00 43 51 
92 D9 EA 6F C5 17 97 C5 AA 02 B1 E7 87 0B B5 22 
46 19 30 40 80 00 00 00 00 00 00 00 00 00 00 00 
00 00 00 00 00 00 00 00 00 00 00 00 00 00 00 00 
00 00 00 00 00 00 00 6D C5 02 04 D8 30 C0 80 00 
2A 21 00 00 6D 8D FF FF EC 89 00 00 19 95 07 01 
2B 97 65 18 30 D3 34 9C 7F CD 3A 08 F8 6D C9 22 
06 D8 30 C0 80 00 B6 7D 29 06 EC B1 7E E6 7B 01 
01 03 0C D8 20 7C 0D 8D 05 00 00 00 00 00 00 00 
FC FF FF FF 01 01 03 0C 58 D3 66 84 00 03 00 00 
00 E3 1D 12 28 68 21 B0 C4 80 01 01 93 0C 58 13 
23 C5 80 03 00 00 00 A8 5D 1A 0C D8 5C B5 FF 40 
79 22 08 18 9D 6B 82 00 6D D5 63 0C D8 60 C0 00 
00 3C 8D 01 01 5B 22 76 10 B0 D0 6A B5 1F 47 4E 
00 00 8C 01 04 01 03 0C 18 60 C0 00 00 28 01 B5 
AA 88 0C 30 40 80 00 00 03 04 0D 03 0C 18 60 C0 
00 00 00 00 00 00 00 00 00 6D 59 82 08 D8 60 C0 
00 00 E3 1D 12 28 68 21 B0 C4 80 73 01 03 0C 58 
53 64 87 00 03 00 00 00 5E 01 03 0C 98 6D FF FF 
31 01 03 0C 98 7F FF FF E8 FF FF FF 48 00 00 00 
6D 89 83 08 D8 60 C0 00 00 2E FE FD FF 20 09 02 
0C 98 A8 20 C0 80 6D 8D A2 0C D8 60 C0 00 00 79 
51 92 D9 22 CD 8F 17 7E FE D1 09 24 FD 1D 0B B5 
22 46 19 30 40 80 00 00 00 00 00 00 00 00 00 00 
00 00 00 00 00 00 00 00 00 00 00 00 00 00 00 00 
00 00 00 00 00 00 00 00 6D C5 02 04 D8 30 C0 80 
00 E8 82 00 00 8D 55 FF FF BA 71 0A 08 98 99 BC 
20 C0 71 98 06 00 2C FD 82 FA A6 72 07 01 6B 92 
44 19 B0 60 80 00 00 B6 7D 29 06 EC B1 7E E6 7B 
01 01 03 0C D8 20 7C 0D 8D 05 00 00 00 00 00 00 
00 FC FF FF FF 01 01 03 0C 58 D3 66 84 00 03 00 
00 00 E3 1D 12 28 68 21 B0 C4 80 01 01 93 0C 58 
13 23 C5 80 03 00 00 00 3A 29 0D 03 EC 1A 47 FF 
D7 3E 11 02 8C 9B 77 10 B0 9B CD 0C 00 03 00 00 
00 41 8D 01 01 73 23 1D 02 2C DA 6A CB FE 47 4E 
00 00 8D C0 04 01 03 0C 18 60 C0 00 00 28 01 B5 
AA 88 0C 30 40 80 00 00 03 04 0D 03 0C 18 60 C0 
00 00 00 00 00 00 00 00 00 6D 59 82 08 D8 60 C0 
00 00 E3 1D 12 28 68 21 B0 C4 80 7D 00 00 00 6D 
21 1C 00 03 00 00 00 44 00 00 00 9F FF FF FF C6 
FF FF FF 00 00 00 00 0A 00 00 00 2D 00 00 00 6D 
89 83 08 D8 60 C0 00 00 2E FE FD FF 20 09 02 0C 
98 A8 20 C0 80 6D 8D A2 0E D8 70 C0 80 00 F4 D7 
92 D9 8A ED B1 F1 34 75 F4 09 5A 4E D7 B8 41 9B 
24 24 00 02 01 03 0C 18 60 C0 00 00 00 00 00 00 
00 00 00 00 00 00 00 00 00 00 00 00 00 00 00 00 
00 00 00 00 00 00 00 00 6D C5 02 04 D8 30 E0 80 
00 A6 78 00 00 40 A9 FB FF E3 C9 01 06 4C AC EB 
20 60 89 E4 06 00 3C 14 70 FD EA C9 3B 08 F8 6D 
C9 22 06 FC 30 60 80 00 B6 7D 29 06 EC B1 7E E6 
7B 01 01 03 0C D8 20 7C 0D 8D 05 00 00 00 00 00 
00 00 FC FF FF FF 01 01 03 0C 58 D3 66 84 00 03 
00 00 00 E3 1F 12 BC 68 C8 58 62 C0 01 00 12 00 
6D D1 A2 0C D8 60 C0 00 00 4A 01 1A 0C 18 44 CB 
FF FF EC F9 22 08 D8 41 5C 20 C0 9B 35 0C 00 03 
00 00 00 3F 8D 01 00 07 24 07 00 41 53 4E 8D 47 
4E 00 00 8E C0 04 01 03 0C 18 60 C0 00 00 28 01 
B5 AA 88 0C 30 40 80 00 00 03 04 0D 03 0C 18 60 
C0 00 00 00 00 00 00 00 00 00 6D 59 82 08 D8 60 
C0 00 00 E3 1D 12 28 68 21 B0 C4 80 87 00 00 00 
6D 85 E3 08 D8 60 C0 00 00 BD FF FF FF 31 01 03 
0C 98 04 18 30 C0 5F FF FF FE FD FF FF 3B 01 03 
0C 58 93 64 84 00 03 00 00 00 2E FE FD FF 20 09 
02 0C 98 A8 20 C0 80 6D 8D A2 0C D8 60 C0 00 00 
23 51 92 D9 CA 0E 17 17 B7 F0 F4 09 12 AE 18 71 
41 9B 24 24 00 02 01 03 0C 18 60 C0 00 00 00 00 
00 00 00 00 00 00 00 00 00 00 00 00 00 00 00 00 
00 00 00 00 00 00 00 00 00 00 6D C5 02 04 D8 30 
C0 80 00 18 44 00 00 3F A3 FF FF 00 22 01 01 1B 
0A D6 20 C0 46 B5 19 03 2C 55 49 9C FF 81 72 07 
01 6B 92 44 19 B0 60 80 00 00 B6 7D 29 06 EC B1 
7E E6 7B 01 01 03 0C D8 20 7C 0D 8D 05 00 00 00 
00 00 00 00 FC FF FF FF 01 01 03 0C 58 D3 66 84 
00 03 00 00 00 E3 1D 12 28 68 21 B0 C4 80 01 01 
93 0C 58 13 23 C5 80 03 00 00 00 C9 4F 0D 03 AC 
C1 F6 FF FA 3E 11 02 8C 2A 1D 04 AC 53 33 C3 80 
03 00 00 00 43 35 01 01 CB 46 D9 20 C0 D0 53 B6 
11 47 4E 00 00 8F 01 04 01 0B 28 10 60 C0 00 00 
28 01 B5 AA 88 0C 30 40 80 00 00 03 04 0D 03 0C 
18 60 C0 00 00 00 00 00 00 00 00 00 6D 59 82 08 
D8 60 C0 00 00 E3 1D 12 28 68 21 B0 C4 80 91 01 
03 0C 58 53 64 87 00 03 00 00 00 7C F9 FD FF EE 
FF FF FF BA FD FF FF 08 01 03 0C 18 FF FF FF 5B 
01 03 0C 58 93 64 84 00 03 00 00 00 2E FE FD FF 
20 09 02 0C 98 A8 20 C0 80 6D 8D A2 0C D8 60 C0 
00 00 B9 49 92 D9 B2 96 12 17 47 DD F4 09 22 05 
87 0B B5 22 46 19 30 40 80 00 00 00 00 00 00 00 
00 00 00 00 00 00 00 00 00 00 00 00 00 00 00 00 
00 00 00 00 00 00 00 00 00 00 00 6D C5 02 04 D8 
30 C0 80 00 5D 19 FF FF 40 25 FD FF 4D EE 00 00 
D6 F9 1D 04 AC BD 67 0C 30 DA 2C 9C D8 74 07 01 
6B 92 44 19 B0 60 80 00 00 B6 7D 29 06 EC B1 7E 
E6 7B 01 01 03 0C D8 20 7C 0D 8D 05 00 00 00 00 
00 00 00 FC FF FF FF 01 01 03 0C 58 D3 66 84 00 
03 00 00 00 E3 1D 12 28 68 21 B0 C4 80 01 01 93 
0C 58 13 23 C5 80 03 00 00 00 37 9D 1A 0C 98 77 
